<?xml version="1.0" encoding="utf-8"?><testsuites name="pytest tests"><testsuite name="pytest" errors="0" failures="0" skipped="0" tests="93" time="11.509" timestamp="2026-09-08T10:16:57.789971+00:00" hostname="localhost"><testcase classname="tests.test_dsl" name="test_bad_program[bad0]" time="0.020" /><testcase classname="tests.test_dsl" name="test_bad_program[bad1]" time="0.000" /><testcase classname="tests.test_dsl" name="test_bad_program[bad2]" time="0.000" /><testcase classname="tests.test_dsl" name="test_bad_program[bad3]" time="0.000" /><testcase classname="tests.test_dsl" name="test_bad_program[bad4]" time="0.000" /><testcase classname="tests.test_dsl" name="test_bad_program[bad5]" time="0.000" /><testcase classname="tests.test_dsl" name="test_bad_program[bad6]" time="0.000" /><testcase classname="tests.test_dsl" name="test_bad_program[bad7]" time="0.000" /><testcase classname="tests.test_dsl" name="test_bad_program[bad8]" time="0.000" /><testcase classname="tests.test_dsl" name="test_bad_program[bad9]" time="0.001" /><testcase classname="tests.test_dsl" name="test_fit_quadratic" time="0.000" /><testcase classname="tests.test_dsl" name="test_no_restricted_data_retrieval" time="0.000" /><testcase classname="tests.test_dsl" name="test_knapsack_oracle_matches_exhaustive" time="0.030" /><testcase classname="tests.test_dsl" name="test_all_scheduler_policies_feasible" time="0.003" /><testcase classname="tests.test_dsl" name="test_proxy_overfit_rejected" time="0.114" /><testcase classname="tests.test_dsl" name="test_custom_valid" time="0.001" /><testcase classname="tests.test_dsl" name="test_custom_overlap_rejected" time="0.001" /><testcase classname="tests.test_dsl" name="test_custom_one_world_rejected" time="0.000" /><testcase classname="tests.test_dsl" name="test_nonfinite_data_rejected" time="0.000" /><testcase classname="tests.test_dsl" name="test_duplicate_json_key_rejected" time="0.002" /><testcase classname="tests.test_engine" name="test_research_is_measured[quadratic]" time="0.148" /><testcase classname="tests.test_engine" name="test_research_is_measured[periodic]" time="0.148" /><testcase classname="tests.test_engine" name="test_research_is_measured[sensor_shift]" time="0.149" /><testcase classname="tests.test_engine" name="test_research_is_measured[scheduling]" time="0.365" /><testcase classname="tests.test_engine" name="test_search_has_no_audit_parameter" time="0.000" /><testcase classname="tests.test_engine" name="test_deterministic_record" time="0.295" /><testcase classname="tests.test_engine" name="test_record_mutation_detected" time="0.156" /><testcase classname="tests.test_engine" name="test_stop_before_work" time="0.000" /><testcase classname="tests.test_engine" name="test_small_budget_never_runs_forever" time="0.128" /><testcase classname="tests.test_engine" name="test_negative_budget_rejected" time="0.000" /><testcase classname="tests.test_engine" name="test_meter_limits" time="0.000" /><testcase classname="tests.test_engine" name="test_self_score_not_accepted" time="0.001" /><testcase classname="tests.test_engine" name="test_custom_missing_rejected" time="0.001" /><testcase classname="tests.test_engine" name="test_fingerprint_length" time="0.001" /><testcase classname="tests.test_engine" name="test_assurance_budget_separate_and_fail_closed" time="0.026" /><testcase classname="tests.test_engine" name="test_custom_external_programs_bounded" time="0.000" /><testcase classname="tests.test_engine" name="test_bad_seed_rejected" time="0.000" /><testcase classname="tests.test_registry" name="test_full_lifecycle" time="0.161" /><testcase classname="tests.test_registry" name="test_no_self_promotion" time="0.150" /><testcase classname="tests.test_registry" name="test_approval_replay" time="0.159" /><testcase classname="tests.test_registry" name="test_approval_expired" time="0.155" /><testcase classname="tests.test_registry" name="test_approval_tamper" time="0.153" /><testcase classname="tests.test_registry" name="test_stop_revokes_ticket" time="0.157" /><testcase classname="tests.test_registry" name="test_no_implicit_restart" time="0.002" /><testcase classname="tests.test_registry" name="test_holdout_reuse_rejected" time="0.186" /><testcase classname="tests.test_registry" name="test_unregistered_demo_not_promotable" time="0.147" /><testcase classname="tests.test_registry" name="test_state_tampering_detected" time="0.147" /><testcase classname="tests.test_registry" name="test_history_truncation_detected" time="0.158" /><testcase classname="tests.test_registry" name="test_policy_fingerprint_tamper" time="0.154" /><testcase classname="tests.test_registry" name="test_second_ticket_stale_parent" time="0.160" /><testcase classname="tests.test_registry" name="test_invalid_reviewer" time="0.156" /><testcase classname="tests.test_registry" name="test_two_controller_connections_replay" time="0.151" /><testcase classname="tests.test_registry" name="test_failed_audit_still_consumed" time="0.002" /><testcase classname="tests.test_registry" name="test_expired_ttl_rejected" time="0.146" /><testcase classname="tests.test_server" name="test_console_served_and_csp" time="0.504" /><testcase classname="tests.test_server" name="test_api_requires_token" time="0.504" /><testcase classname="tests.test_server" name="test_dns_rebinding_host_rejected" time="0.505" /><testcase classname="tests.test_server" name="test_cross_origin_rejected" time="0.506" /><testcase classname="tests.test_server" name="test_unknown_command_rejected" time="0.505" /><testcase classname="tests.test_server" name="test_wrong_input_does_not_execute" time="0.504" /><testcase classname="tests.test_server" name="test_local_run_complete_and_stop" time="0.720" /><testcase classname="tests.test_server" name="test_fresh_unknown_directory_preserved" time="0.001" /><testcase classname="tests.test_v02_runtime" name="test_strong_reference_gate_rejects_old_weak_winner" time="0.169" /><testcase classname="tests.test_v02_runtime" name="test_periodic_passes_predeclared_reference_gate" time="0.145" /><testcase classname="tests.test_v02_runtime" name="test_frozen_incumbent_preserved_not_refitted" time="0.311" /><testcase classname="tests.test_v02_runtime" name="test_no_dual_incumbent_configuration" time="0.001" /><testcase classname="tests.test_v02_runtime" name="test_wrong_incumbent_family" time="0.001" /><testcase classname="tests.test_v02_runtime" name="test_adoption_flags_cannot_override_comparator" time="0.145" /><testcase classname="tests.test_v02_runtime" name="test_invalid_frozen_model[model0]" time="0.000" /><testcase classname="tests.test_v02_runtime" name="test_invalid_frozen_model[model1]" time="0.000" /><testcase classname="tests.test_v02_runtime" name="test_invalid_frozen_model[model2]" time="0.000" /><testcase classname="tests.test_v02_runtime" name="test_invalid_frozen_model[model3]" time="0.000" /><testcase classname="tests.test_v02_runtime" name="test_inference_is_real_and_version_bound" time="0.162" /><testcase classname="tests.test_v02_runtime" name="test_stop_blocks_inference" time="0.159" /><testcase classname="tests.test_v02_runtime" name="test_inference_without_approved_policy" time="0.002" /><testcase classname="tests.test_v02_runtime" name="test_inference_rejects_invalid_data[payload0]" time="0.161" /><testcase classname="tests.test_v02_runtime" name="test_inference_rejects_invalid_data[payload1]" time="0.157" /><testcase classname="tests.test_v02_runtime" name="test_inference_rejects_invalid_data[payload2]" time="0.162" /><testcase classname="tests.test_v02_runtime" name="test_inference_rejects_invalid_data[payload3]" time="0.162" /><testcase classname="tests.test_v02_runtime" name="test_inference_rejects_invalid_data[payload4]" time="0.167" /><testcase classname="tests.test_v02_runtime" name="test_canary_detects_shift_does_not_mutate" time="0.163" /><testcase classname="tests.test_v02_runtime" name="test_policy_export_does_not_export_authority" time="0.154" /><testcase classname="tests.test_v02_runtime" name="test_campaign_all_declared_trials_retained" time="0.309" /><testcase classname="tests.test_v02_runtime" name="test_campaign_failed_reuse_retained" time="0.186" /><testcase classname="tests.test_v02_runtime" name="test_campaign_bound_and_overwrite" time="0.001" /><testcase classname="tests.test_v02_runtime" name="test_proposer_packet_has_no_audit_rows" time="0.001" /><testcase classname="tests.test_v02_runtime" name="test_proposer_self_score_and_source_are_not_accepted" time="0.000" /><testcase classname="tests.test_v02_runtime" name="test_csv_explicit_splits_roundtrip" time="0.008" /><testcase classname="tests.test_v02_runtime" name="test_csv_wrong_header" time="0.001" /><testcase classname="tests.test_v02_runtime" name="test_report_contains_adverse_comparison" time="0.139" /><testcase classname="tests.test_v02_runtime" name="test_full_walkthrough" time="0.872" /><testcase classname="tests.test_v02_runtime" name="test_frozen_order_not_silently_permuted" time="0.000" /><testcase classname="tests.test_v02_runtime" name="test_campaign_deadline_reaches_search" time="0.003" /></testsuite></testsuites>